G:\VUSIAL STDIO\SCIENTIFICCALCULATOR\SCIENTIFICCALCULATOR\DEBUG\.NETFRAMEWORK,VERSION=V4.5.ASSEMBLYATTRIBUTES.OBJ
G:\VUSIAL STDIO\SCIENTIFICCALCULATOR\SCIENTIFICCALCULATOR\DEBUG\VC110.PDB
G:\VUSIAL STDIO\SCIENTIFICCALCULATOR\SCIENTIFICCALCULATOR\DEBUG\MYFORM.OBJ
G:\VUSIAL STDIO\SCIENTIFICCALCULATOR\DEBUG\SCIENTIFICCALCULATOR.ILK
G:\VUSIAL STDIO\SCIENTIFICCALCULATOR\DEBUG\SCIENTIFICCALCULATOR.EXE
G:\VUSIAL STDIO\SCIENTIFICCALCULATOR\DEBUG\SCIENTIFICCALCULATOR.PDB
G:\Vusial Stdio\ScientificCalculator\ScientificCalculator\Debug\ScientificCalculator.MyForm.resources
G:\Vusial Stdio\ScientificCalculator\ScientificCalculator\Debug\ScientificCalculator.vcxproj.GenerateResource.Cache
G:\Vusial Stdio\ScientificCalculator\ScientificCalculator\Debug\ScientificCalculator.vcxprojResolveAssemblyReference.cache
G:\Vusial Stdio\ScientificCalculator\ScientificCalculator\Debug\.NETFramework,Version=v4.5.AssemblyAttributes.obj
G:\Vusial Stdio\ScientificCalculator\ScientificCalculator\Debug\MyForm.obj
G:\Vusial Stdio\ScientificCalculator\ScientificCalculator\Debug\cl.command.1.tlog
G:\Vusial Stdio\ScientificCalculator\ScientificCalculator\Debug\CL.read.1.tlog
G:\Vusial Stdio\ScientificCalculator\ScientificCalculator\Debug\CL.write.1.tlog
G:\Vusial Stdio\ScientificCalculator\ScientificCalculator\Debug\link.1064-cvtres.read.1.tlog
G:\Vusial Stdio\ScientificCalculator\ScientificCalculator\Debug\link.1064-cvtres.write.1.tlog
G:\Vusial Stdio\ScientificCalculator\ScientificCalculator\Debug\link.1064-rc.read.1.tlog
G:\Vusial Stdio\ScientificCalculator\ScientificCalculator\Debug\link.1064-rc.write.1.tlog
G:\Vusial Stdio\ScientificCalculator\ScientificCalculator\Debug\link.1064.read.1.tlog
G:\Vusial Stdio\ScientificCalculator\ScientificCalculator\Debug\link.1064.write.1.tlog
G:\Vusial Stdio\ScientificCalculator\ScientificCalculator\Debug\link.1176-cvtres.read.1.tlog
G:\Vusial Stdio\ScientificCalculator\ScientificCalculator\Debug\link.1176-cvtres.write.1.tlog
G:\Vusial Stdio\ScientificCalculator\ScientificCalculator\Debug\link.1176-rc.read.1.tlog
G:\Vusial Stdio\ScientificCalculator\ScientificCalculator\Debug\link.1176-rc.write.1.tlog
G:\Vusial Stdio\ScientificCalculator\ScientificCalculator\Debug\link.1176.read.1.tlog
G:\Vusial Stdio\ScientificCalculator\ScientificCalculator\Debug\link.1176.write.1.tlog
G:\Vusial Stdio\ScientificCalculator\ScientificCalculator\Debug\link.1288-cvtres.read.1.tlog
G:\Vusial Stdio\ScientificCalculator\ScientificCalculator\Debug\link.1288-cvtres.write.1.tlog
G:\Vusial Stdio\ScientificCalculator\ScientificCalculator\Debug\link.1288-rc.read.1.tlog
G:\Vusial Stdio\ScientificCalculator\ScientificCalculator\Debug\link.1288-rc.write.1.tlog
G:\Vusial Stdio\ScientificCalculator\ScientificCalculator\Debug\link.1288.read.1.tlog
G:\Vusial Stdio\ScientificCalculator\ScientificCalculator\Debug\link.1288.write.1.tlog
G:\Vusial Stdio\ScientificCalculator\ScientificCalculator\Debug\link.1360-cvtres.read.1.tlog
G:\Vusial Stdio\ScientificCalculator\ScientificCalculator\Debug\link.1360-cvtres.write.1.tlog
G:\Vusial Stdio\ScientificCalculator\ScientificCalculator\Debug\link.1360-rc.read.1.tlog
G:\Vusial Stdio\ScientificCalculator\ScientificCalculator\Debug\link.1360-rc.write.1.tlog
G:\Vusial Stdio\ScientificCalculator\ScientificCalculator\Debug\link.1360.read.1.tlog
G:\Vusial Stdio\ScientificCalculator\ScientificCalculator\Debug\link.1360.write.1.tlog
G:\Vusial Stdio\ScientificCalculator\ScientificCalculator\Debug\link.1464-cvtres.read.1.tlog
G:\Vusial Stdio\ScientificCalculator\ScientificCalculator\Debug\link.1464-cvtres.write.1.tlog
G:\Vusial Stdio\ScientificCalculator\ScientificCalculator\Debug\link.1464-rc.read.1.tlog
G:\Vusial Stdio\ScientificCalculator\ScientificCalculator\Debug\link.1464-rc.write.1.tlog
G:\Vusial Stdio\ScientificCalculator\ScientificCalculator\Debug\link.1464.read.1.tlog
G:\Vusial Stdio\ScientificCalculator\ScientificCalculator\Debug\link.1464.write.1.tlog
G:\Vusial Stdio\ScientificCalculator\ScientificCalculator\Debug\link.180-cvtres.read.1.tlog
G:\Vusial Stdio\ScientificCalculator\ScientificCalculator\Debug\link.180-cvtres.write.1.tlog
G:\Vusial Stdio\ScientificCalculator\ScientificCalculator\Debug\link.180-rc.read.1.tlog
G:\Vusial Stdio\ScientificCalculator\ScientificCalculator\Debug\link.180-rc.write.1.tlog
G:\Vusial Stdio\ScientificCalculator\ScientificCalculator\Debug\link.180.read.1.tlog
G:\Vusial Stdio\ScientificCalculator\ScientificCalculator\Debug\link.180.write.1.tlog
G:\Vusial Stdio\ScientificCalculator\ScientificCalculator\Debug\link.1884-cvtres.read.1.tlog
G:\Vusial Stdio\ScientificCalculator\ScientificCalculator\Debug\link.1884-cvtres.write.1.tlog
G:\Vusial Stdio\ScientificCalculator\ScientificCalculator\Debug\link.1884-rc.read.1.tlog
G:\Vusial Stdio\ScientificCalculator\ScientificCalculator\Debug\link.1884-rc.write.1.tlog
G:\Vusial Stdio\ScientificCalculator\ScientificCalculator\Debug\link.1884.read.1.tlog
G:\Vusial Stdio\ScientificCalculator\ScientificCalculator\Debug\link.1884.write.1.tlog
G:\Vusial Stdio\ScientificCalculator\ScientificCalculator\Debug\link.1956-cvtres.read.1.tlog
G:\Vusial Stdio\ScientificCalculator\ScientificCalculator\Debug\link.1956-cvtres.write.1.tlog
G:\Vusial Stdio\ScientificCalculator\ScientificCalculator\Debug\link.1956-rc.read.1.tlog
G:\Vusial Stdio\ScientificCalculator\ScientificCalculator\Debug\link.1956-rc.write.1.tlog
G:\Vusial Stdio\ScientificCalculator\ScientificCalculator\Debug\link.1956.read.1.tlog
G:\Vusial Stdio\ScientificCalculator\ScientificCalculator\Debug\link.1956.write.1.tlog
G:\Vusial Stdio\ScientificCalculator\ScientificCalculator\Debug\link.1992-cvtres.read.1.tlog
G:\Vusial Stdio\ScientificCalculator\ScientificCalculator\Debug\link.1992-cvtres.write.1.tlog
G:\Vusial Stdio\ScientificCalculator\ScientificCalculator\Debug\link.1992-rc.read.1.tlog
G:\Vusial Stdio\ScientificCalculator\ScientificCalculator\Debug\link.1992-rc.write.1.tlog
G:\Vusial Stdio\ScientificCalculator\ScientificCalculator\Debug\link.1992.read.1.tlog
G:\Vusial Stdio\ScientificCalculator\ScientificCalculator\Debug\link.1992.write.1.tlog
G:\Vusial Stdio\ScientificCalculator\ScientificCalculator\Debug\link.2124-cvtres.read.1.tlog
G:\Vusial Stdio\ScientificCalculator\ScientificCalculator\Debug\link.2124-cvtres.write.1.tlog
G:\Vusial Stdio\ScientificCalculator\ScientificCalculator\Debug\link.2124-rc.read.1.tlog
G:\Vusial Stdio\ScientificCalculator\ScientificCalculator\Debug\link.2124-rc.write.1.tlog
G:\Vusial Stdio\ScientificCalculator\ScientificCalculator\Debug\link.2124.read.1.tlog
G:\Vusial Stdio\ScientificCalculator\ScientificCalculator\Debug\link.2124.write.1.tlog
G:\Vusial Stdio\ScientificCalculator\ScientificCalculator\Debug\link.2428-cvtres.read.1.tlog
G:\Vusial Stdio\ScientificCalculator\ScientificCalculator\Debug\link.2428-cvtres.write.1.tlog
G:\Vusial Stdio\ScientificCalculator\ScientificCalculator\Debug\link.2428-rc.read.1.tlog
G:\Vusial Stdio\ScientificCalculator\ScientificCalculator\Debug\link.2428-rc.write.1.tlog
G:\Vusial Stdio\ScientificCalculator\ScientificCalculator\Debug\link.2428.read.1.tlog
G:\Vusial Stdio\ScientificCalculator\ScientificCalculator\Debug\link.2428.write.1.tlog
G:\Vusial Stdio\ScientificCalculator\ScientificCalculator\Debug\link.2620-cvtres.read.1.tlog
G:\Vusial Stdio\ScientificCalculator\ScientificCalculator\Debug\link.2620-cvtres.write.1.tlog
G:\Vusial Stdio\ScientificCalculator\ScientificCalculator\Debug\link.2620-rc.read.1.tlog
G:\Vusial Stdio\ScientificCalculator\ScientificCalculator\Debug\link.2620-rc.write.1.tlog
G:\Vusial Stdio\ScientificCalculator\ScientificCalculator\Debug\link.2620.read.1.tlog
G:\Vusial Stdio\ScientificCalculator\ScientificCalculator\Debug\link.2620.write.1.tlog
G:\Vusial Stdio\ScientificCalculator\ScientificCalculator\Debug\link.2772-cvtres.read.1.tlog
G:\Vusial Stdio\ScientificCalculator\ScientificCalculator\Debug\link.2772-cvtres.write.1.tlog
G:\Vusial Stdio\ScientificCalculator\ScientificCalculator\Debug\link.2772-rc.read.1.tlog
G:\Vusial Stdio\ScientificCalculator\ScientificCalculator\Debug\link.2772-rc.write.1.tlog
G:\Vusial Stdio\ScientificCalculator\ScientificCalculator\Debug\link.2772.read.1.tlog
G:\Vusial Stdio\ScientificCalculator\ScientificCalculator\Debug\link.2772.write.1.tlog
G:\Vusial Stdio\ScientificCalculator\ScientificCalculator\Debug\link.2980-cvtres.read.1.tlog
G:\Vusial Stdio\ScientificCalculator\ScientificCalculator\Debug\link.2980-cvtres.write.1.tlog
G:\Vusial Stdio\ScientificCalculator\ScientificCalculator\Debug\link.2980-rc.read.1.tlog
G:\Vusial Stdio\ScientificCalculator\ScientificCalculator\Debug\link.2980-rc.write.1.tlog
G:\Vusial Stdio\ScientificCalculator\ScientificCalculator\Debug\link.2980.read.1.tlog
G:\Vusial Stdio\ScientificCalculator\ScientificCalculator\Debug\link.2980.write.1.tlog
G:\Vusial Stdio\ScientificCalculator\ScientificCalculator\Debug\link.2996-cvtres.read.1.tlog
G:\Vusial Stdio\ScientificCalculator\ScientificCalculator\Debug\link.2996-cvtres.write.1.tlog
G:\Vusial Stdio\ScientificCalculator\ScientificCalculator\Debug\link.2996-rc.read.1.tlog
G:\Vusial Stdio\ScientificCalculator\ScientificCalculator\Debug\link.2996-rc.write.1.tlog
G:\Vusial Stdio\ScientificCalculator\ScientificCalculator\Debug\link.2996.read.1.tlog
G:\Vusial Stdio\ScientificCalculator\ScientificCalculator\Debug\link.2996.write.1.tlog
G:\Vusial Stdio\ScientificCalculator\ScientificCalculator\Debug\link.3360-cvtres.read.1.tlog
G:\Vusial Stdio\ScientificCalculator\ScientificCalculator\Debug\link.3360-cvtres.write.1.tlog
G:\Vusial Stdio\ScientificCalculator\ScientificCalculator\Debug\link.3360-rc.read.1.tlog
G:\Vusial Stdio\ScientificCalculator\ScientificCalculator\Debug\link.3360-rc.write.1.tlog
G:\Vusial Stdio\ScientificCalculator\ScientificCalculator\Debug\link.3360.read.1.tlog
G:\Vusial Stdio\ScientificCalculator\ScientificCalculator\Debug\link.3360.write.1.tlog
G:\Vusial Stdio\ScientificCalculator\ScientificCalculator\Debug\link.3708-cvtres.read.1.tlog
G:\Vusial Stdio\ScientificCalculator\ScientificCalculator\Debug\link.3708-cvtres.write.1.tlog
G:\Vusial Stdio\ScientificCalculator\ScientificCalculator\Debug\link.3708-rc.read.1.tlog
G:\Vusial Stdio\ScientificCalculator\ScientificCalculator\Debug\link.3708-rc.write.1.tlog
G:\Vusial Stdio\ScientificCalculator\ScientificCalculator\Debug\link.3708.read.1.tlog
G:\Vusial Stdio\ScientificCalculator\ScientificCalculator\Debug\link.3708.write.1.tlog
G:\Vusial Stdio\ScientificCalculator\ScientificCalculator\Debug\link.3800.read.1.tlog
G:\Vusial Stdio\ScientificCalculator\ScientificCalculator\Debug\link.3800.write.1.tlog
G:\Vusial Stdio\ScientificCalculator\ScientificCalculator\Debug\link.3820-cvtres.read.1.tlog
G:\Vusial Stdio\ScientificCalculator\ScientificCalculator\Debug\link.3820-cvtres.write.1.tlog
G:\Vusial Stdio\ScientificCalculator\ScientificCalculator\Debug\link.3820-rc.read.1.tlog
G:\Vusial Stdio\ScientificCalculator\ScientificCalculator\Debug\link.3820-rc.write.1.tlog
G:\Vusial Stdio\ScientificCalculator\ScientificCalculator\Debug\link.3820.read.1.tlog
G:\Vusial Stdio\ScientificCalculator\ScientificCalculator\Debug\link.3820.write.1.tlog
G:\Vusial Stdio\ScientificCalculator\ScientificCalculator\Debug\link.3884-cvtres.read.1.tlog
G:\Vusial Stdio\ScientificCalculator\ScientificCalculator\Debug\link.3884-cvtres.write.1.tlog
G:\Vusial Stdio\ScientificCalculator\ScientificCalculator\Debug\link.3884-rc.read.1.tlog
G:\Vusial Stdio\ScientificCalculator\ScientificCalculator\Debug\link.3884-rc.write.1.tlog
G:\Vusial Stdio\ScientificCalculator\ScientificCalculator\Debug\link.3884.read.1.tlog
G:\Vusial Stdio\ScientificCalculator\ScientificCalculator\Debug\link.3884.write.1.tlog
G:\Vusial Stdio\ScientificCalculator\ScientificCalculator\Debug\link.392-cvtres.read.1.tlog
G:\Vusial Stdio\ScientificCalculator\ScientificCalculator\Debug\link.392-cvtres.write.1.tlog
G:\Vusial Stdio\ScientificCalculator\ScientificCalculator\Debug\link.392-rc.read.1.tlog
G:\Vusial Stdio\ScientificCalculator\ScientificCalculator\Debug\link.392-rc.write.1.tlog
G:\Vusial Stdio\ScientificCalculator\ScientificCalculator\Debug\link.392.read.1.tlog
G:\Vusial Stdio\ScientificCalculator\ScientificCalculator\Debug\link.392.write.1.tlog
G:\Vusial Stdio\ScientificCalculator\ScientificCalculator\Debug\link.4188-cvtres.read.1.tlog
G:\Vusial Stdio\ScientificCalculator\ScientificCalculator\Debug\link.4188-cvtres.write.1.tlog
G:\Vusial Stdio\ScientificCalculator\ScientificCalculator\Debug\link.4188-rc.read.1.tlog
G:\Vusial Stdio\ScientificCalculator\ScientificCalculator\Debug\link.4188-rc.write.1.tlog
G:\Vusial Stdio\ScientificCalculator\ScientificCalculator\Debug\link.4188.read.1.tlog
G:\Vusial Stdio\ScientificCalculator\ScientificCalculator\Debug\link.4188.write.1.tlog
G:\Vusial Stdio\ScientificCalculator\ScientificCalculator\Debug\link.4352-cvtres.read.1.tlog
G:\Vusial Stdio\ScientificCalculator\ScientificCalculator\Debug\link.4352-cvtres.write.1.tlog
G:\Vusial Stdio\ScientificCalculator\ScientificCalculator\Debug\link.4352-rc.read.1.tlog
G:\Vusial Stdio\ScientificCalculator\ScientificCalculator\Debug\link.4352-rc.write.1.tlog
G:\Vusial Stdio\ScientificCalculator\ScientificCalculator\Debug\link.4352.read.1.tlog
G:\Vusial Stdio\ScientificCalculator\ScientificCalculator\Debug\link.4352.write.1.tlog
G:\Vusial Stdio\ScientificCalculator\ScientificCalculator\Debug\link.4364-cvtres.read.1.tlog
G:\Vusial Stdio\ScientificCalculator\ScientificCalculator\Debug\link.4364-cvtres.write.1.tlog
G:\Vusial Stdio\ScientificCalculator\ScientificCalculator\Debug\link.4364-rc.read.1.tlog
G:\Vusial Stdio\ScientificCalculator\ScientificCalculator\Debug\link.4364-rc.write.1.tlog
G:\Vusial Stdio\ScientificCalculator\ScientificCalculator\Debug\link.4364.read.1.tlog
G:\Vusial Stdio\ScientificCalculator\ScientificCalculator\Debug\link.4364.write.1.tlog
G:\Vusial Stdio\ScientificCalculator\ScientificCalculator\Debug\link.4496-cvtres.read.1.tlog
G:\Vusial Stdio\ScientificCalculator\ScientificCalculator\Debug\link.4496-cvtres.write.1.tlog
G:\Vusial Stdio\ScientificCalculator\ScientificCalculator\Debug\link.4496-rc.read.1.tlog
G:\Vusial Stdio\ScientificCalculator\ScientificCalculator\Debug\link.4496-rc.write.1.tlog
G:\Vusial Stdio\ScientificCalculator\ScientificCalculator\Debug\link.4496.read.1.tlog
G:\Vusial Stdio\ScientificCalculator\ScientificCalculator\Debug\link.4496.write.1.tlog
G:\Vusial Stdio\ScientificCalculator\ScientificCalculator\Debug\link.4544-cvtres.read.1.tlog
G:\Vusial Stdio\ScientificCalculator\ScientificCalculator\Debug\link.4544-cvtres.write.1.tlog
G:\Vusial Stdio\ScientificCalculator\ScientificCalculator\Debug\link.4544-rc.read.1.tlog
G:\Vusial Stdio\ScientificCalculator\ScientificCalculator\Debug\link.4544-rc.write.1.tlog
G:\Vusial Stdio\ScientificCalculator\ScientificCalculator\Debug\link.4544.read.1.tlog
G:\Vusial Stdio\ScientificCalculator\ScientificCalculator\Debug\link.4544.write.1.tlog
G:\Vusial Stdio\ScientificCalculator\ScientificCalculator\Debug\link.4652-cvtres.read.1.tlog
G:\Vusial Stdio\ScientificCalculator\ScientificCalculator\Debug\link.4652-cvtres.write.1.tlog
G:\Vusial Stdio\ScientificCalculator\ScientificCalculator\Debug\link.4652-rc.read.1.tlog
G:\Vusial Stdio\ScientificCalculator\ScientificCalculator\Debug\link.4652-rc.write.1.tlog
G:\Vusial Stdio\ScientificCalculator\ScientificCalculator\Debug\link.4652.read.1.tlog
G:\Vusial Stdio\ScientificCalculator\ScientificCalculator\Debug\link.4652.write.1.tlog
G:\Vusial Stdio\ScientificCalculator\ScientificCalculator\Debug\link.4816-cvtres.read.1.tlog
G:\Vusial Stdio\ScientificCalculator\ScientificCalculator\Debug\link.4816-cvtres.write.1.tlog
G:\Vusial Stdio\ScientificCalculator\ScientificCalculator\Debug\link.4816-rc.read.1.tlog
G:\Vusial Stdio\ScientificCalculator\ScientificCalculator\Debug\link.4816-rc.write.1.tlog
G:\Vusial Stdio\ScientificCalculator\ScientificCalculator\Debug\link.4816.read.1.tlog
G:\Vusial Stdio\ScientificCalculator\ScientificCalculator\Debug\link.4816.write.1.tlog
G:\Vusial Stdio\ScientificCalculator\ScientificCalculator\Debug\link.5440-cvtres.read.1.tlog
G:\Vusial Stdio\ScientificCalculator\ScientificCalculator\Debug\link.5440-cvtres.write.1.tlog
G:\Vusial Stdio\ScientificCalculator\ScientificCalculator\Debug\link.5440-rc.read.1.tlog
G:\Vusial Stdio\ScientificCalculator\ScientificCalculator\Debug\link.5440-rc.write.1.tlog
G:\Vusial Stdio\ScientificCalculator\ScientificCalculator\Debug\link.5440.read.1.tlog
G:\Vusial Stdio\ScientificCalculator\ScientificCalculator\Debug\link.5440.write.1.tlog
G:\Vusial Stdio\ScientificCalculator\ScientificCalculator\Debug\link.5512-cvtres.read.1.tlog
G:\Vusial Stdio\ScientificCalculator\ScientificCalculator\Debug\link.5512-cvtres.write.1.tlog
G:\Vusial Stdio\ScientificCalculator\ScientificCalculator\Debug\link.5512-rc.read.1.tlog
G:\Vusial Stdio\ScientificCalculator\ScientificCalculator\Debug\link.5512-rc.write.1.tlog
G:\Vusial Stdio\ScientificCalculator\ScientificCalculator\Debug\link.5512.read.1.tlog
G:\Vusial Stdio\ScientificCalculator\ScientificCalculator\Debug\link.5512.write.1.tlog
G:\Vusial Stdio\ScientificCalculator\ScientificCalculator\Debug\link.5600-cvtres.read.1.tlog
G:\Vusial Stdio\ScientificCalculator\ScientificCalculator\Debug\link.5600-cvtres.write.1.tlog
G:\Vusial Stdio\ScientificCalculator\ScientificCalculator\Debug\link.5600-rc.read.1.tlog
G:\Vusial Stdio\ScientificCalculator\ScientificCalculator\Debug\link.5600-rc.write.1.tlog
G:\Vusial Stdio\ScientificCalculator\ScientificCalculator\Debug\link.5600.read.1.tlog
G:\Vusial Stdio\ScientificCalculator\ScientificCalculator\Debug\link.5600.write.1.tlog
G:\Vusial Stdio\ScientificCalculator\ScientificCalculator\Debug\link.564-cvtres.read.1.tlog
G:\Vusial Stdio\ScientificCalculator\ScientificCalculator\Debug\link.564-cvtres.write.1.tlog
G:\Vusial Stdio\ScientificCalculator\ScientificCalculator\Debug\link.564-rc.read.1.tlog
G:\Vusial Stdio\ScientificCalculator\ScientificCalculator\Debug\link.564-rc.write.1.tlog
G:\Vusial Stdio\ScientificCalculator\ScientificCalculator\Debug\link.564.read.1.tlog
G:\Vusial Stdio\ScientificCalculator\ScientificCalculator\Debug\link.564.write.1.tlog
G:\Vusial Stdio\ScientificCalculator\ScientificCalculator\Debug\link.5816-cvtres.read.1.tlog
G:\Vusial Stdio\ScientificCalculator\ScientificCalculator\Debug\link.5816-cvtres.write.1.tlog
G:\Vusial Stdio\ScientificCalculator\ScientificCalculator\Debug\link.5816-rc.read.1.tlog
G:\Vusial Stdio\ScientificCalculator\ScientificCalculator\Debug\link.5816-rc.write.1.tlog
G:\Vusial Stdio\ScientificCalculator\ScientificCalculator\Debug\link.5816.read.1.tlog
G:\Vusial Stdio\ScientificCalculator\ScientificCalculator\Debug\link.5816.write.1.tlog
G:\Vusial Stdio\ScientificCalculator\ScientificCalculator\Debug\link.5856-cvtres.read.1.tlog
G:\Vusial Stdio\ScientificCalculator\ScientificCalculator\Debug\link.5856-cvtres.write.1.tlog
G:\Vusial Stdio\ScientificCalculator\ScientificCalculator\Debug\link.5856-rc.read.1.tlog
G:\Vusial Stdio\ScientificCalculator\ScientificCalculator\Debug\link.5856-rc.write.1.tlog
G:\Vusial Stdio\ScientificCalculator\ScientificCalculator\Debug\link.5856.read.1.tlog
G:\Vusial Stdio\ScientificCalculator\ScientificCalculator\Debug\link.5856.write.1.tlog
G:\Vusial Stdio\ScientificCalculator\ScientificCalculator\Debug\link.5920-cvtres.read.1.tlog
G:\Vusial Stdio\ScientificCalculator\ScientificCalculator\Debug\link.5920-cvtres.write.1.tlog
G:\Vusial Stdio\ScientificCalculator\ScientificCalculator\Debug\link.5920-rc.read.1.tlog
G:\Vusial Stdio\ScientificCalculator\ScientificCalculator\Debug\link.5920-rc.write.1.tlog
G:\Vusial Stdio\ScientificCalculator\ScientificCalculator\Debug\link.5920.read.1.tlog
G:\Vusial Stdio\ScientificCalculator\ScientificCalculator\Debug\link.5920.write.1.tlog
G:\Vusial Stdio\ScientificCalculator\ScientificCalculator\Debug\link.6004-cvtres.read.1.tlog
G:\Vusial Stdio\ScientificCalculator\ScientificCalculator\Debug\link.6004-cvtres.write.1.tlog
G:\Vusial Stdio\ScientificCalculator\ScientificCalculator\Debug\link.6004-rc.read.1.tlog
G:\Vusial Stdio\ScientificCalculator\ScientificCalculator\Debug\link.6004-rc.write.1.tlog
G:\Vusial Stdio\ScientificCalculator\ScientificCalculator\Debug\link.6004.read.1.tlog
G:\Vusial Stdio\ScientificCalculator\ScientificCalculator\Debug\link.6004.write.1.tlog
G:\Vusial Stdio\ScientificCalculator\ScientificCalculator\Debug\link.6260-cvtres.read.1.tlog
G:\Vusial Stdio\ScientificCalculator\ScientificCalculator\Debug\link.6260-cvtres.write.1.tlog
G:\Vusial Stdio\ScientificCalculator\ScientificCalculator\Debug\link.6260-rc.read.1.tlog
G:\Vusial Stdio\ScientificCalculator\ScientificCalculator\Debug\link.6260-rc.write.1.tlog
G:\Vusial Stdio\ScientificCalculator\ScientificCalculator\Debug\link.6260.read.1.tlog
G:\Vusial Stdio\ScientificCalculator\ScientificCalculator\Debug\link.6260.write.1.tlog
G:\Vusial Stdio\ScientificCalculator\ScientificCalculator\Debug\link.6300-cvtres.read.1.tlog
G:\Vusial Stdio\ScientificCalculator\ScientificCalculator\Debug\link.6300-cvtres.write.1.tlog
G:\Vusial Stdio\ScientificCalculator\ScientificCalculator\Debug\link.6300-rc.read.1.tlog
G:\Vusial Stdio\ScientificCalculator\ScientificCalculator\Debug\link.6300-rc.write.1.tlog
G:\Vusial Stdio\ScientificCalculator\ScientificCalculator\Debug\link.6300.read.1.tlog
G:\Vusial Stdio\ScientificCalculator\ScientificCalculator\Debug\link.6300.write.1.tlog
G:\Vusial Stdio\ScientificCalculator\ScientificCalculator\Debug\link.6420-cvtres.read.1.tlog
G:\Vusial Stdio\ScientificCalculator\ScientificCalculator\Debug\link.6420-cvtres.write.1.tlog
G:\Vusial Stdio\ScientificCalculator\ScientificCalculator\Debug\link.6420-rc.read.1.tlog
G:\Vusial Stdio\ScientificCalculator\ScientificCalculator\Debug\link.6420-rc.write.1.tlog
G:\Vusial Stdio\ScientificCalculator\ScientificCalculator\Debug\link.6420.read.1.tlog
G:\Vusial Stdio\ScientificCalculator\ScientificCalculator\Debug\link.6420.write.1.tlog
G:\Vusial Stdio\ScientificCalculator\ScientificCalculator\Debug\link.6816-cvtres.read.1.tlog
G:\Vusial Stdio\ScientificCalculator\ScientificCalculator\Debug\link.6816-cvtres.write.1.tlog
G:\Vusial Stdio\ScientificCalculator\ScientificCalculator\Debug\link.6816-rc.read.1.tlog
G:\Vusial Stdio\ScientificCalculator\ScientificCalculator\Debug\link.6816-rc.write.1.tlog
G:\Vusial Stdio\ScientificCalculator\ScientificCalculator\Debug\link.6816.read.1.tlog
G:\Vusial Stdio\ScientificCalculator\ScientificCalculator\Debug\link.6816.write.1.tlog
G:\Vusial Stdio\ScientificCalculator\ScientificCalculator\Debug\link.6848-cvtres.read.1.tlog
G:\Vusial Stdio\ScientificCalculator\ScientificCalculator\Debug\link.6848-cvtres.write.1.tlog
G:\Vusial Stdio\ScientificCalculator\ScientificCalculator\Debug\link.6848-rc.read.1.tlog
G:\Vusial Stdio\ScientificCalculator\ScientificCalculator\Debug\link.6848-rc.write.1.tlog
G:\Vusial Stdio\ScientificCalculator\ScientificCalculator\Debug\link.6848.read.1.tlog
G:\Vusial Stdio\ScientificCalculator\ScientificCalculator\Debug\link.6848.write.1.tlog
G:\Vusial Stdio\ScientificCalculator\ScientificCalculator\Debug\link.6924-cvtres.read.1.tlog
G:\Vusial Stdio\ScientificCalculator\ScientificCalculator\Debug\link.6924-cvtres.write.1.tlog
G:\Vusial Stdio\ScientificCalculator\ScientificCalculator\Debug\link.6924-rc.read.1.tlog
G:\Vusial Stdio\ScientificCalculator\ScientificCalculator\Debug\link.6924-rc.write.1.tlog
G:\Vusial Stdio\ScientificCalculator\ScientificCalculator\Debug\link.6924.read.1.tlog
G:\Vusial Stdio\ScientificCalculator\ScientificCalculator\Debug\link.6924.write.1.tlog
G:\Vusial Stdio\ScientificCalculator\ScientificCalculator\Debug\link.7048-cvtres.read.1.tlog
G:\Vusial Stdio\ScientificCalculator\ScientificCalculator\Debug\link.7048-cvtres.write.1.tlog
G:\Vusial Stdio\ScientificCalculator\ScientificCalculator\Debug\link.7048-rc.read.1.tlog
G:\Vusial Stdio\ScientificCalculator\ScientificCalculator\Debug\link.7048-rc.write.1.tlog
G:\Vusial Stdio\ScientificCalculator\ScientificCalculator\Debug\link.7048.read.1.tlog
G:\Vusial Stdio\ScientificCalculator\ScientificCalculator\Debug\link.7048.write.1.tlog
G:\Vusial Stdio\ScientificCalculator\ScientificCalculator\Debug\link.7076-cvtres.read.1.tlog
G:\Vusial Stdio\ScientificCalculator\ScientificCalculator\Debug\link.7076-cvtres.write.1.tlog
G:\Vusial Stdio\ScientificCalculator\ScientificCalculator\Debug\link.7076-rc.read.1.tlog
G:\Vusial Stdio\ScientificCalculator\ScientificCalculator\Debug\link.7076-rc.write.1.tlog
G:\Vusial Stdio\ScientificCalculator\ScientificCalculator\Debug\link.7076.read.1.tlog
G:\Vusial Stdio\ScientificCalculator\ScientificCalculator\Debug\link.7076.write.1.tlog
G:\Vusial Stdio\ScientificCalculator\ScientificCalculator\Debug\link.8000-cvtres.read.1.tlog
G:\Vusial Stdio\ScientificCalculator\ScientificCalculator\Debug\link.8000-cvtres.write.1.tlog
G:\Vusial Stdio\ScientificCalculator\ScientificCalculator\Debug\link.8000-rc.read.1.tlog
G:\Vusial Stdio\ScientificCalculator\ScientificCalculator\Debug\link.8000-rc.write.1.tlog
G:\Vusial Stdio\ScientificCalculator\ScientificCalculator\Debug\link.8000.read.1.tlog
G:\Vusial Stdio\ScientificCalculator\ScientificCalculator\Debug\link.8000.write.1.tlog
G:\Vusial Stdio\ScientificCalculator\ScientificCalculator\Debug\link.808-cvtres.read.1.tlog
G:\Vusial Stdio\ScientificCalculator\ScientificCalculator\Debug\link.808-cvtres.write.1.tlog
G:\Vusial Stdio\ScientificCalculator\ScientificCalculator\Debug\link.808-rc.read.1.tlog
G:\Vusial Stdio\ScientificCalculator\ScientificCalculator\Debug\link.808-rc.write.1.tlog
G:\Vusial Stdio\ScientificCalculator\ScientificCalculator\Debug\link.808.read.1.tlog
G:\Vusial Stdio\ScientificCalculator\ScientificCalculator\Debug\link.808.write.1.tlog
G:\Vusial Stdio\ScientificCalculator\ScientificCalculator\Debug\link.8136-cvtres.read.1.tlog
G:\Vusial Stdio\ScientificCalculator\ScientificCalculator\Debug\link.8136-cvtres.write.1.tlog
G:\Vusial Stdio\ScientificCalculator\ScientificCalculator\Debug\link.8136-rc.read.1.tlog
G:\Vusial Stdio\ScientificCalculator\ScientificCalculator\Debug\link.8136-rc.write.1.tlog
G:\Vusial Stdio\ScientificCalculator\ScientificCalculator\Debug\link.8136.read.1.tlog
G:\Vusial Stdio\ScientificCalculator\ScientificCalculator\Debug\link.8136.write.1.tlog
G:\Vusial Stdio\ScientificCalculator\ScientificCalculator\Debug\link.9120-cvtres.read.1.tlog
G:\Vusial Stdio\ScientificCalculator\ScientificCalculator\Debug\link.9120-cvtres.write.1.tlog
G:\Vusial Stdio\ScientificCalculator\ScientificCalculator\Debug\link.9120-rc.read.1.tlog
G:\Vusial Stdio\ScientificCalculator\ScientificCalculator\Debug\link.9120-rc.write.1.tlog
G:\Vusial Stdio\ScientificCalculator\ScientificCalculator\Debug\link.9120.read.1.tlog
G:\Vusial Stdio\ScientificCalculator\ScientificCalculator\Debug\link.9120.write.1.tlog
G:\Vusial Stdio\ScientificCalculator\ScientificCalculator\Debug\link.928-cvtres.read.1.tlog
G:\Vusial Stdio\ScientificCalculator\ScientificCalculator\Debug\link.928-cvtres.write.1.tlog
G:\Vusial Stdio\ScientificCalculator\ScientificCalculator\Debug\link.928-rc.read.1.tlog
G:\Vusial Stdio\ScientificCalculator\ScientificCalculator\Debug\link.928-rc.write.1.tlog
G:\Vusial Stdio\ScientificCalculator\ScientificCalculator\Debug\link.928.read.1.tlog
G:\Vusial Stdio\ScientificCalculator\ScientificCalculator\Debug\link.928.write.1.tlog
G:\Vusial Stdio\ScientificCalculator\ScientificCalculator\Debug\link.command.1.tlog
G:\Vusial Stdio\ScientificCalculator\ScientificCalculator\Debug\link.read.1.tlog
G:\Vusial Stdio\ScientificCalculator\ScientificCalculator\Debug\link.write.1.tlog
G:\Vusial Stdio\ScientificCalculator\ScientificCalculator\Debug\metagen.read.1.tlog
G:\Vusial Stdio\ScientificCalculator\ScientificCalculator\Debug\metagen.write.1.tlog
G:\Vusial Stdio\ScientificCalculator\ScientificCalculator\Debug\ScientificCalculator.write.1.tlog
G:\Vusial Stdio\ScientificCalculator\ScientificCalculator\Debug\vc110.pdb
G:\Vusial Stdio\ScientificCalculator\ScientificCalculator\Debug\TZRES.DLL.bi
G:\Vusial Stdio\ScientificCalculator\Debug\ScientificCalculator.pdb
G:\Vusial Stdio\ScientificCalculator\Debug\ScientificCalculator.exe
G:\Vusial Stdio\ScientificCalculator\Debug\ScientificCalculator.ilk
